<?xml version="1.0" encoding="UTF-8"?>
<testsuites name="jest tests" tests="2" failures="0" errors="0" time="24.393">
  <testsuite name="MantenimientoVehiculo (con mocks)" errors="0" failures="0" skipped="0" timestamp="2025-10-12T11:58:26" time="23.012" tests="2">
    <testcase classname="MantenimientoVehiculo (con mocks) Se puede instanciar la clase  correctamente Se puede instanciar la clase  correctamente" name="MantenimientoVehiculo (con mocks) Se puede instanciar la clase  correctamente Se puede instanciar la clase  correctamente" time="0.028">
    </testcase>
    <testcase classname="MantenimientoVehiculo (con mocks) Simula que el constructor lanza un error si el costo es 0 Simula que el constructor lanza un error si el costo es 0" name="MantenimientoVehiculo (con mocks) Simula que el constructor lanza un error si el costo es 0 Simula que el constructor lanza un error si el costo es 0" time="0.031">
    </testcase>
  </testsuite>
</testsuites>